2024-09-28 14:45:31,382 INFO  [restartedMain] com.tpe.SpringbootintroApplication:Starting SpringbootintroApplication using Java 11.0.17 on Burak with PID 10924 (C:\Users\Burak Tetik\Desktop\tpe-workspace\springbootintro\target\classes started by BurakTetik in C:\Users\Burak Tetik\Desktop\tpe-workspace\springbootintro)
2024-09-28 14:45:31,390 INFO  [restartedMain] com.tpe.SpringbootintroApplication:No active profile set, falling back to default profiles: default
2024-09-28 14:45:31,457 INFO  [restartedMain] org.springframework.boot.devtools.env.DevToolsPropertyDefaultsPostProcessor:Devtools property defaults active! Set 'spring.devtools.add-properties' to 'false' to disable
2024-09-28 14:45:31,458 INFO  [restartedMain] org.springframework.boot.devtools.env.DevToolsPropertyDefaultsPostProcessor:For additional web related logging consider setting the 'logging.level.web' property to 'DEBUG'
2024-09-28 14:45:32,443 INFO  [restartedMain] org.springframework.data.repository.config.RepositoryConfigurationDelegate:Bootstrapping Spring Data JPA repositories in DEFAULT mode.
2024-09-28 14:45:32,498 INFO  [restartedMain] org.springframework.data.repository.config.RepositoryConfigurationDelegate:Finished Spring Data repository scanning in 46 ms. Found 1 JPA repository interfaces.
2024-09-28 14:45:33,390 INFO  [restartedMain] org.springframework.boot.web.embedded.tomcat.TomcatWebServer:Tomcat initialized with port(s): 8080 (http)
2024-09-28 14:45:33,404 INFO  [restartedMain] org.apache.catalina.core.StandardService:Starting service [Tomcat]
2024-09-28 14:45:33,405 INFO  [restartedMain] org.apache.catalina.core.StandardEngine:Starting Servlet engine: [Apache Tomcat/9.0.56]
2024-09-28 14:45:33,504 INFO  [restartedMain] org.apache.catalina.core.ContainerBase.[Tomcat].[localhost].[/]:Initializing Spring embedded WebApplicationContext
2024-09-28 14:45:33,504 INFO  [restartedMain] org.springframework.boot.web.servlet.context.ServletWebServerApplicationContext:Root WebApplicationContext: initialization completed in 2046 ms
2024-09-28 14:45:33,808 INFO  [restartedMain] org.hibernate.jpa.internal.util.LogHelper:HHH000204: Processing PersistenceUnitInfo [name: default]
2024-09-28 14:45:33,855 INFO  [restartedMain] org.hibernate.Version:HHH000412: Hibernate ORM core version 5.6.4.Final
2024-09-28 14:45:34,038 INFO  [restartedMain] org.hibernate.annotations.common.Version:HCANN000001: Hibernate Commons Annotations {5.1.2.Final}
2024-09-28 14:45:34,139 INFO  [restartedMain] com.zaxxer.hikari.HikariDataSource:HikariPool-1 - Starting...
2024-09-28 14:45:34,397 INFO  [restartedMain] com.zaxxer.hikari.HikariDataSource:HikariPool-1 - Start completed.
2024-09-28 14:45:34,414 INFO  [restartedMain] org.hibernate.dialect.Dialect:HHH000400: Using dialect: org.hibernate.dialect.PostgreSQLDialect
2024-09-28 14:45:35,279 INFO  [restartedMain] org.hibernate.engine.transaction.jta.platform.internal.JtaPlatformInitiator:HHH000490: Using JtaPlatform implementation: [org.hibernate.engine.transaction.jta.platform.internal.NoJtaPlatform]
2024-09-28 14:45:35,292 INFO  [restartedMain] org.springframework.orm.jpa.LocalContainerEntityManagerFactoryBean:Initialized JPA EntityManagerFactory for persistence unit 'default'
2024-09-28 14:45:35,826 WARN  [restartedMain] org.springframework.boot.autoconfigure.orm.jpa.JpaBaseConfiguration$JpaWebConfiguration:spring.jpa.open-in-view is enabled by default. Therefore, database queries may be performed during view rendering. Explicitly configure spring.jpa.open-in-view to disable this warning
2024-09-28 14:45:36,264 INFO  [restartedMain] org.springframework.boot.autoconfigure.security.servlet.UserDetailsServiceAutoConfiguration:

Using generated security password: a2049ee1-a959-4120-9e81-2d2dc794ba26

2024-09-28 14:45:36,401 INFO  [restartedMain] org.springframework.boot.actuate.endpoint.web.EndpointLinksResolver:Exposing 4 endpoint(s) beneath base path '/actuator'
2024-09-28 14:45:36,412 INFO  [restartedMain] org.springframework.security.web.DefaultSecurityFilterChain:Will secure any request with [org.springframework.security.web.context.request.async.WebAsyncManagerIntegrationFilter@39412127, org.springframework.security.web.context.SecurityContextPersistenceFilter@58ac421c, org.springframework.security.web.header.HeaderWriterFilter@f67c5ad, org.springframework.web.filter.CorsFilter@7407f1b6, org.springframework.security.web.csrf.CsrfFilter@2a68e5ba, org.springframework.security.web.authentication.logout.LogoutFilter@3537cf8c, org.springframework.security.web.authentication.UsernamePasswordAuthenticationFilter@62a91a59, org.springframework.security.web.authentication.ui.DefaultLoginPageGeneratingFilter@65c2e967, org.springframework.security.web.authentication.ui.DefaultLogoutPageGeneratingFilter@589527ae, org.springframework.security.web.authentication.www.BasicAuthenticationFilter@448d167e, org.springframework.security.web.savedrequest.RequestCacheAwareFilter@38c6e5d8, org.springframework.security.web.servletapi.SecurityContextHolderAwareRequestFilter@6c847c6e, org.springframework.security.web.authentication.AnonymousAuthenticationFilter@838309c, org.springframework.security.web.session.SessionManagementFilter@4a8c70ec, org.springframework.security.web.access.ExceptionTranslationFilter@65dc56fb, org.springframework.security.web.access.intercept.FilterSecurityInterceptor@6ed4ec04]
2024-09-28 14:45:36,495 INFO  [restartedMain] org.springframework.boot.devtools.autoconfigure.OptionalLiveReloadServer:LiveReload server is running on port 35729
2024-09-28 14:45:36,540 INFO  [restartedMain] org.springframework.boot.web.embedded.tomcat.TomcatWebServer:Tomcat started on port(s): 8080 (http) with context path ''
2024-09-28 14:45:36,558 INFO  [restartedMain] com.tpe.SpringbootintroApplication:Started SpringbootintroApplication in 5.705 seconds (JVM running for 6.332)
2024-09-28 14:46:48,102 INFO  [http-nio-8080-exec-1] org.apache.catalina.core.ContainerBase.[Tomcat].[localhost].[/]:Initializing Spring DispatcherServlet 'dispatcherServlet'
2024-09-28 14:46:48,571 WARN  [http-nio-8080-exec-1] org.apache.catalina.util.SessionIdGeneratorBase:Creation of SecureRandom instance for session ID generation using [SHA1PRNG] took [327] milliseconds.
2024-09-28 14:51:12,371 INFO  [SpringApplicationShutdownHook] org.springframework.orm.jpa.LocalContainerEntityManagerFactoryBean:Closing JPA EntityManagerFactory for persistence unit 'default'
2024-09-28 14:51:12,377 INFO  [SpringApplicationShutdownHook] com.zaxxer.hikari.HikariDataSource:HikariPool-1 - Shutdown initiated...
2024-09-28 14:51:12,387 INFO  [SpringApplicationShutdownHook] com.zaxxer.hikari.HikariDataSource:HikariPool-1 - Shutdown completed.
2024-09-28 14:54:02,433 INFO  [restartedMain] com.tpe.SpringbootintroApplication:Starting SpringbootintroApplication using Java 11.0.17 on Burak with PID 6784 (C:\Users\Burak Tetik\Desktop\tpe-workspace\springbootintro\target\classes started by BurakTetik in C:\Users\Burak Tetik\Desktop\tpe-workspace\springbootintro)
2024-09-28 14:54:02,434 INFO  [restartedMain] com.tpe.SpringbootintroApplication:No active profile set, falling back to default profiles: default
2024-09-28 14:54:02,499 INFO  [restartedMain] org.springframework.boot.devtools.env.DevToolsPropertyDefaultsPostProcessor:Devtools property defaults active! Set 'spring.devtools.add-properties' to 'false' to disable
2024-09-28 14:54:02,499 INFO  [restartedMain] org.springframework.boot.devtools.env.DevToolsPropertyDefaultsPostProcessor:For additional web related logging consider setting the 'logging.level.web' property to 'DEBUG'
2024-09-28 14:54:03,440 INFO  [restartedMain] org.springframework.data.repository.config.RepositoryConfigurationDelegate:Bootstrapping Spring Data JPA repositories in DEFAULT mode.
2024-09-28 14:54:03,491 INFO  [restartedMain] org.springframework.data.repository.config.RepositoryConfigurationDelegate:Finished Spring Data repository scanning in 43 ms. Found 1 JPA repository interfaces.
2024-09-28 14:54:04,446 INFO  [restartedMain] org.springframework.boot.web.embedded.tomcat.TomcatWebServer:Tomcat initialized with port(s): 8080 (http)
2024-09-28 14:54:04,460 INFO  [restartedMain] org.apache.catalina.core.StandardService:Starting service [Tomcat]
2024-09-28 14:54:04,461 INFO  [restartedMain] org.apache.catalina.core.StandardEngine:Starting Servlet engine: [Apache Tomcat/9.0.56]
2024-09-28 14:54:04,559 INFO  [restartedMain] org.apache.catalina.core.ContainerBase.[Tomcat].[localhost].[/]:Initializing Spring embedded WebApplicationContext
2024-09-28 14:54:04,560 INFO  [restartedMain] org.springframework.boot.web.servlet.context.ServletWebServerApplicationContext:Root WebApplicationContext: initialization completed in 2060 ms
2024-09-28 14:54:04,858 INFO  [restartedMain] org.hibernate.jpa.internal.util.LogHelper:HHH000204: Processing PersistenceUnitInfo [name: default]
2024-09-28 14:54:04,905 INFO  [restartedMain] org.hibernate.Version:HHH000412: Hibernate ORM core version 5.6.4.Final
2024-09-28 14:54:05,079 INFO  [restartedMain] org.hibernate.annotations.common.Version:HCANN000001: Hibernate Commons Annotations {5.1.2.Final}
2024-09-28 14:54:05,183 INFO  [restartedMain] com.zaxxer.hikari.HikariDataSource:HikariPool-1 - Starting...
2024-09-28 14:54:05,389 INFO  [restartedMain] com.zaxxer.hikari.HikariDataSource:HikariPool-1 - Start completed.
2024-09-28 14:54:05,404 INFO  [restartedMain] org.hibernate.dialect.Dialect:HHH000400: Using dialect: org.hibernate.dialect.PostgreSQLDialect
2024-09-28 14:54:06,213 INFO  [restartedMain] org.hibernate.engine.transaction.jta.platform.internal.JtaPlatformInitiator:HHH000490: Using JtaPlatform implementation: [org.hibernate.engine.transaction.jta.platform.internal.NoJtaPlatform]
2024-09-28 14:54:06,223 INFO  [restartedMain] org.springframework.orm.jpa.LocalContainerEntityManagerFactoryBean:Initialized JPA EntityManagerFactory for persistence unit 'default'
2024-09-28 14:54:06,778 WARN  [restartedMain] org.springframework.boot.autoconfigure.orm.jpa.JpaBaseConfiguration$JpaWebConfiguration:spring.jpa.open-in-view is enabled by default. Therefore, database queries may be performed during view rendering. Explicitly configure spring.jpa.open-in-view to disable this warning
2024-09-28 14:54:07,343 INFO  [restartedMain] org.springframework.boot.actuate.endpoint.web.EndpointLinksResolver:Exposing 4 endpoint(s) beneath base path '/actuator'
2024-09-28 14:54:07,358 INFO  [restartedMain] org.springframework.security.web.DefaultSecurityFilterChain:Will secure any request with [org.springframework.security.web.context.request.async.WebAsyncManagerIntegrationFilter@7cb0074d, org.springframework.security.web.context.SecurityContextPersistenceFilter@10ea96ef, org.springframework.security.web.header.HeaderWriterFilter@59a79e71, org.springframework.web.filter.CorsFilter@71e8720e, org.springframework.security.web.csrf.CsrfFilter@4fd1fab7, org.springframework.security.web.authentication.logout.LogoutFilter@240d8210, org.springframework.security.web.authentication.UsernamePasswordAuthenticationFilter@5fd12b6c, org.springframework.security.web.authentication.ui.DefaultLoginPageGeneratingFilter@6979b889, org.springframework.security.web.authentication.ui.DefaultLogoutPageGeneratingFilter@833c92b, org.springframework.security.web.authentication.www.BasicAuthenticationFilter@ade7f9f, org.springframework.security.web.savedrequest.RequestCacheAwareFilter@4235e63e, org.springframework.security.web.servletapi.SecurityContextHolderAwareRequestFilter@69943619, org.springframework.security.web.authentication.AnonymousAuthenticationFilter@2f4d3ee9, org.springframework.security.web.session.SessionManagementFilter@6fc499e8, org.springframework.security.web.access.ExceptionTranslationFilter@77fda3c8, org.springframework.security.web.access.intercept.FilterSecurityInterceptor@52b15f34]
2024-09-28 14:54:07,434 INFO  [restartedMain] org.springframework.boot.devtools.autoconfigure.OptionalLiveReloadServer:LiveReload server is running on port 35729
2024-09-28 14:54:07,469 INFO  [restartedMain] org.springframework.boot.web.embedded.tomcat.TomcatWebServer:Tomcat started on port(s): 8080 (http) with context path ''
2024-09-28 14:54:07,485 INFO  [restartedMain] com.tpe.SpringbootintroApplication:Started SpringbootintroApplication in 5.608 seconds (JVM running for 6.235)
2024-09-28 14:54:33,390 INFO  [http-nio-8080-exec-1] org.apache.catalina.core.ContainerBase.[Tomcat].[localhost].[/]:Initializing Spring DispatcherServlet 'dispatcherServlet'
2024-09-28 14:54:41,962 WARN  [http-nio-8080-exec-2] org.apache.catalina.util.SessionIdGeneratorBase:Creation of SecureRandom instance for session ID generation using [SHA1PRNG] took [319] milliseconds.
2024-09-28 14:55:16,563 INFO  [SpringApplicationShutdownHook] org.springframework.orm.jpa.LocalContainerEntityManagerFactoryBean:Closing JPA EntityManagerFactory for persistence unit 'default'
2024-09-28 14:55:16,575 INFO  [SpringApplicationShutdownHook] com.zaxxer.hikari.HikariDataSource:HikariPool-1 - Shutdown initiated...
2024-09-28 14:55:16,591 INFO  [SpringApplicationShutdownHook] com.zaxxer.hikari.HikariDataSource:HikariPool-1 - Shutdown completed.
